[2024-06-11 17:54:31,859] multiqc                                            [DEBUG  ]  This is MultiQC v1.21
[2024-06-11 17:54:31,861] multiqc                                            [DEBUG  ]  Loading config settings from: multiqc_config.yml
[2024-06-11 17:54:31,861] multiqc                                            [DEBUG  ]  New config: {'report_comment': 'This report has been generated by the <a href="https://github.com/nf-core/ampliseq/releases/tag/2.9.0" target="_blank">nf-core/ampliseq</a> analysis pipeline. For information about how to interpret these results, please see the <a href="https://nf-co.re/ampliseq/2.9.0/docs/output" target="_blank">documentation</a>.\n', 'report_section_order': {'nf-core-ampliseq-methods-description': {'order': -1000}, 'software_versions': {'order': -1001}, 'nf-core-ampliseq-summary': {'order': -1002}}, 'export_plots': True, 'disable_version_detection': True, 'plots_force_flat': True}
[2024-06-11 17:54:31,862] multiqc                                            [DEBUG  ]  Loading config settings from: multiqc_config.yml
[2024-06-11 17:54:31,862] multiqc                                            [DEBUG  ]  New config: {'report_comment': 'This report has been generated by the <a href="https://github.com/nf-core/ampliseq/releases/tag/2.9.0" target="_blank">nf-core/ampliseq</a> analysis pipeline. For information about how to interpret these results, please see the <a href="https://nf-co.re/ampliseq/2.9.0/docs/output" target="_blank">documentation</a>.\n', 'report_section_order': {'nf-core-ampliseq-methods-description': {'order': -1000}, 'software_versions': {'order': -1001}, 'nf-core-ampliseq-summary': {'order': -1002}}, 'export_plots': True, 'disable_version_detection': True, 'plots_force_flat': True}
[2024-06-11 17:54:31,862] multiqc                                            [DEBUG  ]  Command used: /usr/local/bin/multiqc --force --config multiqc_config.yml .
[2024-06-11 17:54:32,311] multiqc                                            [WARNING]  MultiQC Version v1.22.2 now available!
[2024-06-11 17:54:32,311] multiqc                                            [DEBUG  ]  Latest MultiQC version is v1.22.2, released 2024-05-31
[2024-06-11 17:54:32,311] multiqc                                            [DEBUG  ]  Working dir : /tmp/airflowtmprsyt03cr/work/3e/547fa84454d59b09c1de395cc6754c
[2024-06-11 17:54:32,311] multiqc                                            [DEBUG  ]  Template    : default
[2024-06-11 17:54:32,311] multiqc                                            [DEBUG  ]  Running Python 3.11.8 | packaged by conda-forge | (main, Feb 16 2024, 20:53:32) [GCC 12.3.0]
[2024-06-11 17:54:32,312] multiqc                                            [DEBUG  ]  Analysing modules: custom_content, ccs, ngsderive, purple, conpair, isoseq, lima, peddy, somalier, methylqa, mosdepth, phantompeakqualtools, qualimap, bamdst, preseq, hifiasm, quast, qorts, rna_seqc, rockhopper, rsem, rseqc, busco, bustools, goleft_indexcov, gffcompare, disambiguate, supernova, deeptools, sargasso, verifybamid, mirtrace, happy, mirtop, sambamba, gopeaks, homer, hops, macs2, theta2, snpeff, gatk, htseq, bcftools, featureCounts, fgbio, dragen, dragen_fastqc, dedup, pbmarkdup, damageprofiler, mapdamage, biobambam2, jcvi, mtnucratio, picard, vep, bakta, prokka, qc3C, nanostat, samblaster, samtools, sexdeterrmine, seqera_cli, eigenstratdatabasetools, bamtools, jellyfish, vcftools, longranger, stacks, varscan2, snippy, umitools, truvari, megahit, bbmap, bismark, biscuit, diamond, hicexplorer, hicup, hicpro, salmon, kallisto, slamdunk, star, hisat2, tophat, bowtie2, bowtie1, cellranger, snpsplit, odgi, pangolin, nextclade, freyja, humid, kat, leehom, librarian, nonpareil, adapterRemoval, bbduk, clipandmerge, cutadapt, flexbar, sourmash, kaiju, bracken, kraken, malt, motus, trimmomatic, sickle, skewer, sortmerna, biobloomtools, fastq_screen, afterqc, fastp, fastqc, filtlong, prinseqplusplus, pychopper, porechop, pycoqc, minionqc, anglerfish, multivcfanalyzer, clusterflow, checkqc, bcl2fastq, bclconvert, interop, ivar, flash, seqyclean, optitype, whatshap, spaceranger, xenome, xengsort, metaphlan, seqwho
[2024-06-11 17:54:32,312] multiqc                                            [DEBUG  ]  Using temporary directory for creating report: /tmp/tmp1pi6atrw
[2024-06-11 17:54:32,313] multiqc                                            [INFO   ]  Search path : /tmp/airflowtmprsyt03cr/work/3e/547fa84454d59b09c1de395cc6754c
[2024-06-11 17:54:32,393] multiqc                                            [DEBUG  ]  Summary of files that were skipped by the search: [skipped_no_match: 9] // [skipped_module_specific_max_filesize: 6]
[2024-06-11 17:54:32,417] multiqc.modules.custom_content.custom_content      [INFO   ]  nf-core-ampliseq-summary: Found 1 sample (html)
[2024-06-11 17:54:32,417] multiqc.modules.custom_content.custom_content      [INFO   ]  nf-core-ampliseq-methods-description: Found 1 sample (html)
[2024-06-11 17:54:32,567] multiqc.modules.fastqc.fastqc                      [INFO   ]  Found 100 reports
[2024-06-11 17:54:32,569] multiqc.utils.util_functions                       [DEBUG  ]  Wrote data file multiqc_fastqc.txt
[2024-06-11 17:54:32,652] multiqc.utils.util_functions                       [DEBUG  ]  Wrote data file fastqc_sequence_counts_plot.txt
[2024-06-11 17:54:37,490] multiqc.utils.util_functions                       [DEBUG  ]  Wrote data file fastqc_per_base_sequence_quality_plot.txt
[2024-06-11 17:54:46,224] multiqc.utils.util_functions                       [DEBUG  ]  Wrote data file fastqc_per_sequence_gc_content_plot_Percentages.txt
[2024-06-11 17:54:50,449] multiqc.utils.util_functions                       [DEBUG  ]  Wrote data file fastqc_per_sequence_gc_content_plot_Counts.txt
[2024-06-11 17:54:54,280] multiqc.utils.util_functions                       [DEBUG  ]  Wrote data file fastqc_per_base_n_content_plot.txt
[2024-06-11 17:54:57,344] multiqc.utils.util_functions                       [DEBUG  ]  Wrote data file fastqc_sequence_duplication_levels_plot.txt
[2024-06-11 17:55:01,576] multiqc.utils.util_functions                       [DEBUG  ]  Wrote data file fastqc_overrepresented_sequences_plot.txt
[2024-06-11 17:55:03,098] multiqc.utils.util_functions                       [DEBUG  ]  Wrote data file fastqc_top_overrepresented_sequences_table.txt
[2024-06-11 17:55:04,295] multiqc.utils.util_functions                       [DEBUG  ]  Wrote data file fastqc_adapter_content_plot.txt
[2024-06-11 17:55:05,930] multiqc.plots.plotly.heatmap                       [DEBUG  ]  Resizing from 450x1100 to fit the maximum size 900x900
[2024-06-11 17:55:05,930] multiqc.plots.plotly.heatmap                       [DEBUG  ]  Heatmap size: 900x900, px per element: 90.00x9.00
[2024-06-11 17:55:05,934] multiqc.utils.util_functions                       [DEBUG  ]  Wrote data file fastqc-status-check-heatmap.txt
[2024-06-11 17:55:07,686] multiqc.utils.software_versions                    [DEBUG  ]  Reading software versions from config.software_versions
[2024-06-11 17:55:07,686] multiqc                                            [DEBUG  ]  Reordering sections: anchor 'software_versions' not found.
[2024-06-11 17:55:07,686] multiqc                                            [DEBUG  ]  Reordering sections: anchor 'nf-core-ampliseq-methods-description' not found for module 'FastQC'.
[2024-06-11 17:55:07,686] multiqc                                            [DEBUG  ]  Reordering sections: anchor 'software_versions' not found for module 'FastQC'.
[2024-06-11 17:55:07,686] multiqc                                            [DEBUG  ]  Reordering sections: anchor 'nf-core-ampliseq-summary' not found for module 'FastQC'.
[2024-06-11 17:55:07,686] multiqc                                            [DEBUG  ]  Reordering sections: anchor 'nf-core-ampliseq-methods-description' not found for module 'nf-core/ampliseq Methods Description'.
[2024-06-11 17:55:07,686] multiqc                                            [DEBUG  ]  Reordering sections: anchor 'software_versions' not found for module 'nf-core/ampliseq Methods Description'.
[2024-06-11 17:55:07,686] multiqc                                            [DEBUG  ]  Reordering sections: anchor 'nf-core-ampliseq-summary' not found for module 'nf-core/ampliseq Methods Description'.
[2024-06-11 17:55:07,686] multiqc                                            [DEBUG  ]  Reordering sections: anchor 'nf-core-ampliseq-methods-description' not found for module 'nf-core/ampliseq Workflow Summary'.
[2024-06-11 17:55:07,686] multiqc                                            [DEBUG  ]  Reordering sections: anchor 'software_versions' not found for module 'nf-core/ampliseq Workflow Summary'.
[2024-06-11 17:55:07,686] multiqc                                            [DEBUG  ]  Reordering sections: anchor 'nf-core-ampliseq-summary' not found for module 'nf-core/ampliseq Workflow Summary'.
[2024-06-11 17:55:07,767] multiqc.utils.util_functions                       [DEBUG  ]  Wrote data file multiqc_general_stats.txt
[2024-06-11 17:55:10,221] multiqc                                            [DEBUG  ]  Compressing plot data
[2024-06-11 17:55:10,228] multiqc.utils.util_functions                       [DEBUG  ]  Wrote data file multiqc_data.json
[2024-06-11 17:55:10,228] multiqc                                            [INFO   ]  Report      : multiqc_report.html
[2024-06-11 17:55:10,228] multiqc                                            [INFO   ]  Data        : multiqc_data
[2024-06-11 17:55:10,228] multiqc                                            [DEBUG  ]  Moving data file from '/tmp/tmp1pi6atrw/multiqc_data' to '/tmp/airflowtmprsyt03cr/work/3e/547fa84454d59b09c1de395cc6754c/multiqc_data'
[2024-06-11 17:55:10,232] multiqc                                            [DEBUG  ]  Full report path: /tmp/airflowtmprsyt03cr/work/3e/547fa84454d59b09c1de395cc6754c/multiqc_report.html
[2024-06-11 17:55:10,232] multiqc                                            [INFO   ]  Plots       : multiqc_plots
[2024-06-11 17:55:10,232] multiqc                                            [DEBUG  ]  Moving plots directory from '/tmp/tmp1pi6atrw/multiqc_plots' to '/tmp/airflowtmprsyt03cr/work/3e/547fa84454d59b09c1de395cc6754c/multiqc_plots'
[2024-06-11 17:55:10,367] multiqc                                            [INFO   ]  MultiQC complete
